<?xml version="1.0" encoding="UTF-8"?>
<testng-results ignored="0" total="1" passed="1" failed="0" skipped="0">
  <reporter-output>
  </reporter-output>
  <suite started-at="2026-01-19T19:20:07 IST" name="Surefire suite" finished-at="2026-01-19T19:20:16 IST" duration-ms="8759">
    <groups>
    </groups>
    <test started-at="2026-01-19T19:20:07 IST" name="Surefire test" finished-at="2026-01-19T19:20:16 IST" duration-ms="8759">
      <class name="tests.LoginTest">
        <test-method is-config="true" signature="setup()[pri:0, instance:tests.LoginTest@5ad851c9]" started-at="2026-01-19T19:20:07 IST" name="setup" finished-at="2026-01-19T19:20:12 IST" duration-ms="5052" status="PASS">
          <reporter-output>
          </reporter-output>
        </test-method> <!-- setup -->
        <test-method signature="validLoginTest()[pri:0, instance:tests.LoginTest@5ad851c9]" started-at="2026-01-19T19:20:12 IST" name="validLoginTest" finished-at="2026-01-19T19:20:15 IST" duration-ms="3542" status="PASS">
          <reporter-output>
          </reporter-output>
        </test-method> <!-- validLoginTest -->
        <test-method is-config="true" signature="tearDown()[pri:0, instance:tests.LoginTest@5ad851c9]" started-at="2026-01-19T19:20:15 IST" name="tearDown" finished-at="2026-01-19T19:20:16 IST" duration-ms="138" status="PASS">
          <reporter-output>
          </reporter-output>
        </test-method> <!-- tearDown -->
      </class> <!-- tests.LoginTest -->
    </test> <!-- Surefire test -->
  </suite> <!-- Surefire suite -->
</testng-results>
