<?xml version="1.0" encoding="UTF-8"?>
<testng-results ignored="0" total="1" passed="1" failed="0" skipped="0">
  <reporter-output>
  </reporter-output>
  <suite started-at="2026-01-20T18:46:26 IST" name="Surefire suite" finished-at="2026-01-20T18:46:35 IST" duration-ms="8430">
    <groups>
    </groups>
    <test started-at="2026-01-20T18:46:26 IST" name="Surefire test" finished-at="2026-01-20T18:46:35 IST" duration-ms="8430">
      <class name="tests.LoginTest">
        <test-method is-config="true" signature="setup()[pri:0, instance:tests.LoginTest@5ad851c9]" started-at="2026-01-20T18:46:26 IST" name="setup" finished-at="2026-01-20T18:46:32 IST" duration-ms="5873" status="PASS">
          <reporter-output>
          </reporter-output>
        </test-method> <!-- setup -->
        <test-method signature="validLoginTest()[pri:0, instance:tests.LoginTest@5ad851c9]" started-at="2026-01-20T18:46:32 IST" name="validLoginTest" finished-at="2026-01-20T18:46:34 IST" duration-ms="2412" status="PASS">
          <reporter-output>
          </reporter-output>
        </test-method> <!-- validLoginTest -->
        <test-method is-config="true" signature="tearDown()[pri:0, instance:tests.LoginTest@5ad851c9]" started-at="2026-01-20T18:46:34 IST" name="tearDown" finished-at="2026-01-20T18:46:35 IST" duration-ms="122" status="PASS">
          <reporter-output>
          </reporter-output>
        </test-method> <!-- tearDown -->
      </class> <!-- tests.LoginTest -->
    </test> <!-- Surefire test -->
  </suite> <!-- Surefire suite -->
</testng-results>
